# JRE version: Java(TM) SE Runtime Environment (8.0_121-b13) (build 1.8.0_121-b13)
# Java VM: Java HotSpot(TM) 64-Bit Server VM (25.121-b13 mixed mode linux-amd64 compressed oops)
Heap:
 PSYoungGen      total 60416K, used 32525K [0x00000000eb580000, 0x00000000f0780000, 0x0000000100000000)
  eden space 53760K, 48% used [0x00000000eb580000,0x00000000ecec5cf0,0x00000000eea00000)
  from space 6656K, 99% used [0x00000000ef600000,0x00000000efc7da78,0x00000000efc80000)
  to   space 12288K, 0% used [0x00000000eea00000,0x00000000eea00000,0x00000000ef600000)
 ParOldGen       total 42496K, used 13808K [0x00000000c2000000, 0x00000000c4980000, 0x00000000eb580000)
  object space 42496K, 32% used [0x00000000c2000000,0x00000000c2d7c3e8,0x00000000c4980000)
 Metaspace       used 16572K, capacity 17370K, committed 17536K, reserved 1064960K
  class space    used 2391K, capacity 2591K, committed 2688K, reserved 1048576K
GC Heap History (10 events):
Event: 5.838 GC heap before
{Heap before GC invocations=2 (full 0):
 PSYoungGen      total 18432K, used 18416K [0x00000000eb580000, 0x00000000ed980000, 0x0000000100000000)
  eden space 15872K, 100% used [0x00000000eb580000,0x00000000ec500000,0x00000000ec500000)
  from space 2560K, 99% used [0x00000000ec500000,0x00000000ec77c030,0x00000000ec780000)
  to   space 2560K, 0% used [0x00000000ed700000,0x00000000ed700000,0x00000000ed980000)
 ParOldGen       total 42496K, used 144K [0x00000000c2000000, 0x00000000c4980000, 0x00000000eb580000)
  object space 42496K, 0% used [0x00000000c2000000,0x00000000c2024000,0x00000000c4980000)
 Metaspace       used 15418K, capacity 16206K, committed 16384K, reserved 1062912K
  class space    used 2293K, capacity 2525K, committed 2560K, reserved 1048576K
Event: 5.849 GC heap after
Heap after GC invocations=2 (full 0):
 PSYoungGen      total 18432K, used 2544K [0x00000000eb580000, 0x00000000ed980000, 0x0000000100000000)
  eden space 15872K, 0% used [0x00000000eb580000,0x00000000eb580000,0x00000000ec500000)
  from space 2560K, 99% used [0x00000000ed700000,0x00000000ed97c068,0x00000000ed980000)
  to   space 2560K, 0% used [0x00000000ec500000,0x00000000ec500000,0x00000000ec780000)
 ParOldGen       total 42496K, used 2722K [0x00000000c2000000, 0x00000000c4980000, 0x00000000eb580000)
  object space 42496K, 6% used [0x00000000c2000000,0x00000000c22a8a90,0x00000000c4980000)
 Metaspace       used 15418K, capacity 16206K, committed 16384K, reserved 1062912K
  class space    used 2293K, capacity 2525K, committed 2560K, reserved 1048576K
}
Event: 7.029 GC heap before
{Heap before GC invocations=3 (full 0):
 PSYoungGen      total 18432K, used 18416K [0x00000000eb580000, 0x00000000ed980000, 0x0000000100000000)
  eden space 15872K, 100% used [0x00000000eb580000,0x00000000ec500000,0x00000000ec500000)
  from space 2560K, 99% used [0x00000000ed700000,0x00000000ed97c068,0x00000000ed980000)
  to   space 2560K, 0% used [0x00000000ec500000,0x00000000ec500000,0x00000000ec780000)
 ParOldGen       total 42496K, used 2722K [0x00000000c2000000, 0x00000000c4980000, 0x00000000eb580000)
  object space 42496K, 6% used [0x00000000c2000000,0x00000000c22a8a90,0x00000000c4980000)
 Metaspace       used 15959K, capacity 16782K, committed 17024K, reserved 1062912K
  class space    used 2364K, capacity 2589K, committed 2688K, reserved 1048576K
Event: 7.045 GC heap after
Heap after GC invocations=3 (full 0):
 PSYoungGen      total 18432K, used 2544K [0x00000000eb580000, 0x00000000ed780000, 0x0000000100000000)
  eden space 15872K, 0% used [0x00000000eb580000,0x00000000eb580000,0x00000000ec500000)
  from space 2560K, 99% used [0x00000000ec500000,0x00000000ec77c048,0x00000000ec780000)
  to   space 2560K, 0% used [0x00000000ed500000,0x00000000ed500000,0x00000000ed780000)
 ParOldGen       total 42496K, used 5361K [0x00000000c2000000, 0x00000000c4980000, 0x00000000eb580000)
  object space 42496K, 12% used [0x00000000c2000000,0x00000000c253c638,0x00000000c4980000)
 Metaspace       used 15959K, capacity 16782K, committed 17024K, reserved 1062912K
  class space    used 2364K, capacity 2589K, committed 2688K, reserved 1048576K
}
Event: 7.102 GC heap before
{Heap before GC invocations=4 (full 0):
 PSYoungGen      total 18432K, used 18416K [0x00000000eb580000, 0x00000000ed780000, 0x0000000100000000)
  eden space 15872K, 100% used [0x00000000eb580000,0x00000000ec500000,0x00000000ec500000)
  from space 2560K, 99% used [0x00000000ec500000,0x00000000ec77c048,0x00000000ec780000)
  to   space 2560K, 0% used [0x00000000ed500000,0x00000000ed500000,0x00000000ed780000)
 ParOldGen       total 42496K, used 5361K [0x00000000c2000000, 0x00000000c4980000, 0x00000000eb580000)
  object space 42496K, 12% used [0x00000000c2000000,0x00000000c253c638,0x00000000c4980000)
 Metaspace       used 15959K, capacity 16782K, committed 17024K, reserved 1062912K
  class space    used 2364K, capacity 2589K, committed 2688K, reserved 1048576K
Event: 7.111 GC heap after
Heap after GC invocations=4 (full 0):
 PSYoungGen      total 32256K, used 2528K [0x00000000eb580000, 0x00000000ed980000, 0x0000000100000000)
  eden space 29696K, 0% used [0x00000000eb580000,0x00000000eb580000,0x00000000ed280000)
  from space 2560K, 98% used [0x00000000ed500000,0x00000000ed778048,0x00000000ed780000)
  to   space 2560K, 0% used [0x00000000ed280000,0x00000000ed280000,0x00000000ed500000)
 ParOldGen       total 42496K, used 5561K [0x00000000c2000000, 0x00000000c4980000, 0x00000000eb580000)
  object space 42496K, 13% used [0x00000000c2000000,0x00000000c256e638,0x00000000c4980000)
 Metaspace       used 15959K, capacity 16782K, committed 17024K, reserved 1062912K
  class space    used 2364K, capacity 2589K, committed 2688K, reserved 1048576K
}
Event: 7.195 GC heap before
{Heap before GC invocations=5 (full 0):
 PSYoungGen      total 32256K, used 32224K [0x00000000eb580000, 0x00000000ed980000, 0x0000000100000000)
  eden space 29696K, 100% used [0x00000000eb580000,0x00000000ed280000,0x00000000ed280000)
  from space 2560K, 98% used [0x00000000ed500000,0x00000000ed778048,0x00000000ed780000)
  to   space 2560K, 0% used [0x00000000ed280000,0x00000000ed280000,0x00000000ed500000)
 ParOldGen       total 42496K, used 5561K [0x00000000c2000000, 0x00000000c4980000, 0x00000000eb580000)
  object space 42496K, 13% used [0x00000000c2000000,0x00000000c256e638,0x00000000c4980000)
 Metaspace       used 15959K, capacity 16782K, committed 17024K, reserved 1062912K
  class space    used 2364K, capacity 2589K, committed 2688K, reserved 1048576K
Event: 7.203 GC heap after
Heap after GC invocations=5 (full 0):
 PSYoungGen      total 32256K, used 2528K [0x00000000eb580000, 0x00000000efc80000, 0x0000000100000000)
  eden space 29696K, 0% used [0x00000000eb580000,0x00000000eb580000,0x00000000ed280000)
  from space 2560K, 98% used [0x00000000ed280000,0x00000000ed4f8048,0x00000000ed500000)
  to   space 6656K, 0% used [0x00000000ef600000,0x00000000ef600000,0x00000000efc80000)
 ParOldGen       total 42496K, used 5705K [0x00000000c2000000, 0x00000000c4980000, 0x00000000eb580000)
  object space 42496K, 13% used [0x00000000c2000000,0x00000000c2592638,0x00000000c4980000)
 Metaspace       used 15959K, capacity 16782K, committed 17024K, reserved 1062912K
  class space    used 2364K, capacity 2589K, committed 2688K, reserved 1048576K
}
Event: 7.476 GC heap before
{Heap before GC invocations=6 (full 0):
 PSYoungGen      total 32256K, used 32224K [0x00000000eb580000, 0x00000000efc80000, 0x0000000100000000)
  eden space 29696K, 100% used [0x00000000eb580000,0x00000000ed280000,0x00000000ed280000)
  from space 2560K, 98% used [0x00000000ed280000,0x00000000ed4f8048,0x00000000ed500000)
  to   space 6656K, 0% used [0x00000000ef600000,0x00000000ef600000,0x00000000efc80000)
 ParOldGen       total 42496K, used 5705K [0x00000000c2000000, 0x00000000c4980000, 0x00000000eb580000)
  object space 42496K, 13% used [0x00000000c2000000,0x00000000c2592638,0x00000000c4980000)
 Metaspace       used 16108K, capacity 16910K, committed 17024K, reserved 1062912K
  class space    used 2382K, capacity 2589K, committed 2688K, reserved 1048576K
Event: 7.513 GC heap after
Heap after GC invocations=6 (full 0):
 PSYoungGen      total 60416K, used 6646K [0x00000000eb580000, 0x00000000f0780000, 0x0000000100000000)
  eden space 53760K, 0% used [0x00000000eb580000,0x00000000eb580000,0x00000000eea00000)
  from space 6656K, 99% used [0x00000000ef600000,0x00000000efc7da78,0x00000000efc80000)
  to   space 12288K, 0% used [0x00000000eea00000,0x00000000eea00000,0x00000000ef600000)
 ParOldGen       total 42496K, used 13808K [0x00000000c2000000, 0x00000000c4980000, 0x00000000eb580000)
  object space 42496K, 32% used [0x00000000c2000000,0x00000000c2d7c3e8,0x00000000c4980000)
 Metaspace       used 16108K, capacity 16910K, committed 17024K, reserved 1062912K
  class space    used 2382K, capacity 2589K, committed 2688K, reserved 1048576K
}

